{
  "RSpec": {
    "coverage": {
      "/Users/joezhou/after_11_pm/app.rb": [
        1,
        1,
        1,
        1,
        1,
        1,
        null
      ],
      "/Users/joezhou/after_11_pm/lib/array.rb": [
        1,
        1,
        165,
        172,
        46,
        null,
        null,
        1,
        19,
        null,
        null,
        null,
        1,
        4,
        4,
        4,
        4,
        12,
        12,
        4,
        null,
        6,
        2,
        4,
        2,
        null,
        2,
        null,
        0,
        null,
        null,
        1,
        0,
        0,
        0,
        0,
        0,
        0,
        0,
        0,
        0,
        null,
        null,
        0,
        0,
        null,
        0,
        null,
        null,
        null,
        1,
        9,
        9,
        3,
        null,
        6,
        null,
        null,
        null,
        1,
        0,
        0,
        0,
        null,
        0,
        null,
        null,
        null,
        1,
        107,
        430,
        216,
        216,
        216,
        null,
        63,
        null,
        153,
        null,
        null,
        107,
        null,
        null,
        null,
        1,
        5,
        6,
        2,
        null,
        4,
        null,
        null,
        null,
        null,
        1,
        100,
        90,
        373,
        null,
        56,
        256,
        null,
        56,
        null,
        null,
        null,
        null,
        null,
        null,
        null,
        null,
        null,
        null,
        null,
        null,
        null,
        null,
        null,
        null,
        null,
        null,
        null,
        null,
        null,
        null,
        null
      ],
      "/Users/joezhou/after_11_pm/lib/fixnum.rb": [
        1,
        1,
        null,
        1,
        1,
        null,
        1,
        1,
        null,
        1,
        1495,
        null,
        null,
        1,
        1651,
        null,
        null,
        1,
        2,
        2,
        null,
        0,
        null,
        null,
        null,
        1,
        0,
        null,
        null,
        1,
        0,
        null,
        null,
        1,
        0,
        null,
        null,
        null,
        null,
        null,
        null,
        null,
        null,
        null,
        null,
        null,
        null,
        null,
        null,
        null,
        null,
        null,
        null,
        null,
        null,
        null,
        null,
        null,
        1,
        0,
        0,
        null,
        null,
        1,
        0,
        0,
        0,
        null,
        0,
        0,
        null,
        0,
        null,
        null,
        1,
        0,
        null,
        null,
        1,
        null
      ],
      "/Users/joezhou/after_11_pm/helpers/latex.rb": [
        1,
        1,
        705,
        705,
        null,
        null
      ],
      "/Users/joezhou/after_11_pm/helpers/general_utilities.rb": [
        1,
        1,
        5624,
        null,
        5624,
        null,
        2349,
        303,
        null,
        6795,
        2046,
        2046,
        null,
        null,
        null,
        3275,
        3275,
        null,
        null,
        null,
        1,
        1,
        1,
        2,
        null,
        1,
        1,
        1,
        null,
        null,
        1,
        11,
        11,
        8,
        22,
        21,
        null,
        5,
        null,
        null,
        1,
        2,
        2,
        1,
        2,
        null,
        1,
        null,
        null,
        null
      ],
      "/Users/joezhou/after_11_pm/lib/float.rb": [
        1,
        null,
        1,
        null,
        1,
        1,
        14,
        null,
        null,
        1,
        14,
        null,
        null
      ],
      "/Users/joezhou/after_11_pm/lib/nilclass.rb": [
        1,
        null,
        1,
        null,
        1,
        1,
        124,
        null,
        null,
        1,
        null,
        null,
        null
      ],
      "/Users/joezhou/after_11_pm/lib/numeric.rb": [
        null,
        null,
        null,
        null,
        null,
        null,
        null,
        null,
        null,
        null,
        null,
        1,
        null,
        1,
        0,
        0,
        null,
        0,
        null,
        null,
        null,
        1,
        5,
        null,
        null,
        1,
        0,
        null,
        null,
        1,
        0,
        null,
        null,
        1,
        0,
        null,
        null,
        1,
        106,
        null,
        null,
        null,
        null,
        null,
        null,
        null,
        null,
        null,
        1,
        0,
        null,
        null,
        1,
        0,
        null,
        null,
        1,
        0,
        0,
        null,
        0,
        null,
        null,
        null,
        null,
        null
      ],
      "/Users/joezhou/after_11_pm/lib/string.rb": [
        1,
        1,
        1,
        null,
        1,
        1,
        1,
        null,
        1,
        null,
        1,
        882,
        null,
        null,
        1,
        943,
        null,
        null,
        1,
        7,
        6,
        1,
        0,
        null,
        1,
        null,
        null,
        null,
        1,
        20,
        null,
        null,
        1,
        0,
        null,
        null,
        1,
        0,
        null,
        null,
        1,
        3,
        3,
        3,
        3,
        null,
        null,
        1,
        0,
        null,
        null,
        1,
        0,
        null,
        null,
        1,
        0,
        null,
        null,
        1,
        192,
        null,
        192,
        192,
        2446,
        82,
        82,
        null,
        2446,
        null,
        192,
        null,
        null,
        1,
        null,
        2446,
        null,
        null,
        null,
        null,
        1,
        null,
        null,
        null,
        null,
        null,
        null,
        null,
        null,
        1863,
        1863,
        null,
        1863,
        184,
        661,
        184,
        null,
        null,
        1679,
        1,
        3,
        1,
        null,
        null,
        1678,
        320,
        1039,
        320,
        null,
        null,
        1358,
        51,
        153,
        51,
        null,
        null,
        1307,
        143,
        429,
        143,
        null,
        null,
        1164,
        488,
        null,
        null,
        676,
        570,
        null,
        null,
        106,
        32,
        null,
        null,
        74,
        11,
        33,
        11,
        null,
        null,
        63,
        29,
        58,
        29,
        null,
        null,
        34,
        19,
        38,
        19,
        null,
        null,
        15,
        15,
        30,
        15,
        null,
        null,
        null,
        null,
        1,
        184,
        184,
        2136,
        2136,
        null,
        184,
        184,
        184,
        184,
        477,
        null,
        184,
        661,
        184,
        184,
        184,
        null,
        null,
        1,
        1,
        3,
        1,
        1,
        null,
        null,
        1,
        1,
        1,
        1,
        null,
        null,
        1,
        320,
        320,
        320,
        320,
        null,
        null,
        1,
        51,
        51,
        51,
        51,
        51,
        51,
        null,
        null,
        1,
        143,
        771,
        143,
        143,
        143,
        null,
        null,
        1,
        11,
        11,
        11,
        11,
        11,
        null,
        null,
        1,
        1863,
        184,
        1075,
        1075,
        null,
        0,
        null,
        null,
        1,
        1679,
        186,
        561,
        null,
        185,
        null,
        null,
        1,
        1678,
        1646,
        1635,
        320,
        320,
        null,
        null,
        null,
        null,
        1,
        null,
        null,
        null,
        null,
        null,
        null,
        1358,
        null,
        null,
        null,
        null,
        1,
        1358,
        null,
        null,
        1,
        1347,
        null,
        null,
        1,
        1347,
        null,
        null,
        1,
        1347,
        null,
        null,
        1,
        1307,
        158,
        158,
        158,
        null,
        null,
        1,
        63,
        63,
        63,
        63,
        63,
        null,
        null,
        1,
        63,
        null,
        null,
        1,
        34,
        null,
        null,
        1,
        15,
        null,
        null,
        1,
        74,
        null,
        null,
        1,
        676,
        null,
        null,
        1,
        1164,
        null,
        null,
        1,
        0,
        null,
        null,
        1,
        0,
        0,
        null,
        0,
        null,
        null,
        null,
        1,
        null
      ],
      "/Users/joezhou/after_11_pm/helpers/objectify_utilities.rb": [
        1,
        1,
        5598,
        null,
        null,
        1,
        3606,
        3606,
        null,
        3606,
        3606,
        3606,
        null,
        3606,
        8193,
        8193,
        8193,
        3606,
        3606,
        null,
        null,
        null,
        null,
        1,
        3606,
        3606,
        3606,
        11229,
        11229,
        null,
        3606,
        null,
        null,
        1,
        1866,
        7464,
        1866,
        392,
        392,
        392,
        null,
        1866,
        null,
        null,
        1,
        5598,
        11588,
        392,
        392,
        null,
        null,
        null,
        1,
        6529,
        6529,
        6529,
        6529,
        7284,
        7284,
        7284,
        7284,
        7284,
        7284,
        7284,
        7284,
        7284,
        7284,
        7284,
        null,
        6529,
        null,
        null,
        1,
        7284,
        7284,
        44,
        null,
        null,
        1,
        7284,
        44,
        88,
        0,
        null,
        null,
        44,
        null,
        null,
        1,
        7284,
        7284,
        50,
        null,
        null,
        1,
        7284,
        50,
        84,
        0,
        null,
        null,
        50,
        null,
        null,
        1,
        7284,
        7284,
        81,
        null,
        null,
        1,
        7284,
        81,
        98,
        2,
        null,
        null,
        79,
        null,
        null,
        1,
        null,
        null,
        null,
        null,
        null,
        7284,
        64,
        64,
        null,
        7220,
        3203,
        3203,
        3203,
        3203,
        3,
        null,
        null,
        null,
        null,
        null,
        1,
        7284,
        7284,
        null,
        null,
        1,
        7284,
        7284,
        7284,
        null,
        null,
        1,
        7284,
        7284,
        7284,
        null,
        null,
        null,
        null,
        null,
        null,
        null,
        1,
        0,
        0,
        null,
        0,
        0,
        0,
        0,
        null,
        0,
        null,
        null,
        null,
        0,
        null,
        null,
        1,
        7284,
        7284,
        7284,
        null,
        null,
        1,
        7284,
        7284,
        7284,
        null,
        null,
        null,
        1,
        7284,
        7284,
        7284,
        null,
        null,
        1,
        320,
        320,
        320,
        320,
        719,
        2088,
        788,
        null,
        2088,
        null,
        null,
        null,
        null,
        1,
        323,
        323,
        2119,
        10,
        10,
        81,
        2,
        2,
        null,
        79,
        2,
        2,
        null,
        77,
        null,
        10,
        null,
        2119,
        null,
        323,
        null,
        null,
        1,
        185,
        185,
        479,
        1848,
        489,
        null,
        1848,
        null,
        479,
        null,
        null,
        null,
        1,
        714,
        1554,
        1554,
        105,
        105,
        null,
        1554,
        1554,
        13,
        13,
        null,
        null,
        null,
        null,
        null
      ],
      "/Users/joezhou/after_11_pm/helpers/class_names.rb": [
        1,
        1,
        10616,
        null,
        null,
        1,
        23527,
        null,
        null,
        1,
        12662,
        null,
        null,
        1,
        13031,
        null,
        null,
        1,
        0,
        null,
        null,
        1,
        1690,
        null,
        null,
        1,
        10372,
        null,
        null,
        1,
        681,
        null,
        null,
        1,
        11597,
        null,
        null,
        1,
        149,
        null,
        null,
        1,
        0,
        null,
        null,
        1,
        403,
        null,
        null,
        1,
        356,
        null,
        null,
        1,
        328,
        null,
        null,
        1,
        0,
        null,
        null,
        1,
        0,
        null,
        null,
        1,
        0,
        null,
        null,
        1,
        6,
        null,
        null,
        1,
        146,
        null,
        null,
        1,
        0,
        null,
        null,
        1,
        0,
        null,
        null,
        1,
        0,
        null,
        null
      ],
      "/Users/joezhou/after_11_pm/helpers/factory.rb": [
        1,
        1,
        null,
        1,
        1,
        1432,
        null,
        null,
        1,
        1690,
        null,
        null,
        1,
        921,
        null,
        null,
        null,
        null,
        null,
        null,
        1,
        0,
        null,
        null,
        1,
        304,
        null,
        null,
        1,
        0,
        null,
        null,
        1,
        345,
        null,
        null,
        1,
        653,
        null,
        null,
        1,
        131,
        null,
        null,
        1,
        93,
        null,
        null,
        1,
        34,
        null,
        null,
        1,
        46,
        null,
        null,
        1,
        34,
        null,
        null,
        1,
        14,
        null,
        null,
        1,
        40,
        null,
        null,
        1,
        17,
        null,
        null,
        1,
        14,
        null,
        null,
        1,
        94,
        null,
        null,
        null,
        null,
        null,
        null,
        1,
        24,
        null,
        null,
        1,
        0,
        null,
        null,
        null
      ],
      "/Users/joezhou/after_11_pm/helpers/latex_utilities.rb": [
        1,
        1,
        4256,
        null,
        4256,
        493,
        493,
        null,
        493,
        74,
        74,
        74,
        null,
        null,
        419,
        97,
        97,
        97,
        null,
        null,
        322,
        null,
        322,
        71,
        71,
        null,
        null,
        251,
        null,
        null,
        3763,
        67,
        null,
        null,
        3696,
        62,
        62,
        null,
        null,
        3634,
        3791,
        1259,
        null,
        null,
        2375,
        null,
        null,
        1,
        4991,
        73,
        null,
        4991,
        2083,
        4244,
        null,
        null,
        4991,
        null,
        null,
        1,
        716,
        null,
        null,
        1,
        184,
        null,
        null,
        1,
        11,
        null,
        null,
        1,
        11,
        11,
        11,
        null,
        null,
        1,
        14,
        14,
        14,
        14,
        14,
        7,
        11,
        11,
        85,
        null,
        null,
        11,
        null,
        74,
        null,
        null,
        null,
        0,
        null,
        null,
        null,
        7,
        null,
        null,
        null,
        1,
        7,
        7,
        7,
        0,
        0,
        null,
        null,
        7,
        null,
        null,
        null,
        null
      ],
      "/Users/joezhou/after_11_pm/helpers/trig_utilities.rb": [
        1,
        1,
        64,
        114,
        62,
        24,
        null,
        38,
        38,
        null,
        null,
        null,
        null,
        null,
        null,
        1,
        21,
        21,
        20,
        null,
        null,
        1,
        62,
        136,
        78,
        36,
        null,
        42,
        null,
        null,
        null,
        55,
        null,
        null,
        1,
        162,
        162,
        null,
        153,
        29,
        null,
        124,
        44,
        null,
        80,
        143,
        null,
        80,
        null,
        null,
        1,
        117,
        117,
        27,
        null,
        90,
        44,
        null,
        46,
        101,
        null,
        46,
        null,
        null,
        null
      ],
      "/Users/joezhou/after_11_pm/helpers/types.rb": [
        1,
        null,
        1,
        1,
        22502,
        null,
        null,
        1,
        2222,
        null,
        null
      ],
      "/Users/joezhou/after_11_pm/models/addition.rb": [
        1,
        1,
        null,
        1,
        1,
        null,
        1,
        1466,
        909,
        null,
        557,
        null,
        null,
        null,
        1,
        223,
        null,
        null,
        1,
        31,
        31,
        null,
        null,
        1,
        1,
        1,
        null,
        0,
        null,
        null,
        null,
        1,
        762,
        null,
        null,
        null,
        null,
        null,
        null,
        null,
        null,
        null,
        null,
        1,
        26,
        55,
        null,
        null,
        null,
        1,
        0,
        null,
        null,
        1,
        0,
        0,
        null,
        0,
        0,
        0,
        0,
        0,
        0,
        null,
        0,
        null,
        null,
        null,
        0,
        null,
        null,
        1,
        0,
        0,
        0,
        0,
        0,
        0,
        0,
        null,
        null,
        null,
        0,
        null,
        null,
        1,
        0,
        0,
        null,
        null,
        1,
        9,
        9,
        9,
        39,
        19,
        19,
        19,
        19,
        19,
        16,
        null,
        null,
        20,
        null,
        null,
        9,
        null,
        null,
        null,
        null,
        null,
        null,
        null,
        null,
        null,
        null,
        null,
        null,
        null,
        null,
        null,
        null,
        null,
        null,
        null,
        null,
        null,
        null,
        null,
        null,
        null,
        null,
        null,
        null,
        null,
        null,
        null,
        null,
        1,
        60,
        null,
        null,
        1,
        5,
        5,
        0,
        null,
        5,
        11,
        4,
        null,
        null,
        null,
        5,
        null,
        null,
        1,
        4,
        null,
        4,
        4,
        4,
        9,
        4,
        null,
        null,
        null,
        4,
        1,
        1,
        null,
        3,
        3,
        null,
        null,
        4,
        4,
        4,
        null,
        null,
        1,
        14,
        14,
        null,
        4,
        1,
        1,
        1,
        null,
        null,
        3,
        3,
        3,
        null,
        null,
        null,
        10,
        10,
        8,
        8,
        8,
        null,
        2,
        2,
        2,
        null,
        null,
        null,
        null,
        1,
        231,
        231,
        297,
        4,
        null,
        293,
        null,
        null,
        231,
        null,
        null,
        1,
        0,
        0,
        0,
        0,
        0,
        0,
        0,
        null,
        0,
        null,
        null,
        null,
        0,
        0,
        0,
        0,
        0,
        null,
        null,
        null,
        null,
        null,
        null,
        0,
        0,
        null,
        0,
        null,
        null,
        null,
        null,
        null,
        1,
        0,
        0,
        0,
        0,
        null,
        0,
        null,
        null,
        0,
        null,
        null,
        1,
        5,
        5,
        5,
        23,
        23,
        23,
        77,
        11,
        null,
        66,
        null,
        null,
        null,
        5,
        null,
        null,
        null,
        1,
        0,
        0,
        0,
        0,
        null,
        0,
        0,
        0,
        0,
        null,
        null,
        1,
        52,
        52,
        52,
        168,
        0,
        0,
        null,
        63,
        63,
        0,
        null,
        63,
        null,
        null,
        105,
        null,
        null,
        52,
        null,
        null,
        1,
        3,
        3,
        14,
        8,
        null,
        6,
        null,
        null,
        3,
        null,
        null,
        1,
        0,
        null,
        0,
        0,
        0,
        0,
        null,
        0,
        0,
        0,
        0,
        0,
        0,
        0,
        null,
        0,
        null,
        0,
        null,
        null,
        0,
        0,
        null,
        0,
        null,
        0,
        null,
        null,
        null,
        0,
        0,
        0,
        0,
        null,
        0,
        0,
        null,
        null,
        1,
        0,
        0,
        0,
        null,
        0,
        null,
        null,
        null,
        1,
        0,
        0,
        0,
        null,
        0,
        0,
        null,
        0,
        null,
        0,
        null,
        null,
        null,
        null,
        1,
        0,
        0,
        null,
        0,
        0,
        null,
        0,
        0,
        null,
        0,
        null,
        0,
        null,
        null,
        0,
        null,
        null,
        1,
        0,
        0,
        0,
        null,
        null,
        1,
        0,
        0,
        null,
        0,
        null,
        null,
        null
      ],
      "/Users/joezhou/after_11_pm/models/division.rb": [
        1,
        1,
        null,
        1,
        1,
        1,
        null,
        1,
        410,
        226,
        null,
        184,
        null,
        null,
        null,
        1,
        94,
        null,
        null,
        1,
        5,
        null,
        null,
        1,
        93,
        null,
        null,
        1,
        4,
        null,
        null,
        1,
        81,
        null,
        null,
        1,
        110,
        220,
        162,
        null,
        58,
        null,
        null,
        110,
        null,
        null,
        1,
        49,
        null,
        null,
        1,
        0,
        0,
        0,
        null,
        0,
        0,
        0,
        null,
        null,
        null,
        0,
        null,
        null,
        1,
        0,
        0,
        null,
        null,
        1,
        0,
        0,
        null,
        0,
        null,
        null,
        null,
        1,
        0,
        null,
        0,
        0,
        0,
        0,
        0,
        0,
        0,
        0,
        null,
        null,
        null,
        1,
        10,
        10,
        4,
        4,
        4,
        null,
        6,
        6,
        6,
        6,
        null,
        null,
        null,
        1,
        60,
        null,
        null,
        1,
        0,
        0,
        0,
        null,
        null,
        1,
        0,
        0,
        null,
        0,
        null,
        null,
        null,
        1,
        0,
        0,
        0,
        0,
        null,
        0,
        null,
        0,
        null,
        null,
        null,
        1,
        0,
        null,
        0,
        null,
        0,
        0,
        0,
        0,
        null,
        null,
        null,
        1,
        5,
        5,
        10,
        null,
        0,
        0,
        null,
        0,
        null,
        10,
        null,
        null,
        null,
        null,
        1,
        5,
        5,
        0,
        null,
        0,
        null,
        5,
        null,
        null,
        null,
        null,
        null,
        1,
        0,
        null,
        null,
        1,
        0,
        0,
        0,
        null,
        0,
        0,
        null,
        null,
        0,
        0,
        0,
        null,
        0,
        0,
        null,
        null,
        0,
        0,
        0,
        0,
        0,
        0,
        null,
        0,
        null,
        null,
        null,
        0,
        0,
        null,
        0,
        null,
        0,
        null,
        null,
        0,
        0,
        null,
        0,
        null,
        0,
        null,
        null,
        0,
        0,
        null,
        0,
        null,
        null,
        null,
        null,
        null,
        1,
        14,
        null,
        14,
        14,
        null,
        14,
        14,
        null,
        14,
        null,
        14,
        29,
        29,
        null,
        null,
        14,
        13,
        12,
        11,
        null,
        null,
        1,
        10,
        10,
        11,
        9,
        9,
        null,
        null,
        null,
        10,
        null,
        10,
        1,
        null,
        10,
        1,
        null,
        10,
        8,
        null,
        8,
        1,
        null,
        7,
        null,
        null,
        8,
        null,
        null,
        null,
        1,
        19,
        19,
        39,
        8,
        8,
        null,
        null,
        null,
        19,
        11,
        null,
        8,
        6,
        null,
        6,
        6,
        null,
        6,
        null,
        2,
        null,
        null,
        null,
        null,
        null,
        1,
        null
      ],
      "/Users/joezhou/after_11_pm/models/equation.rb": [
        1,
        1,
        1,
        null,
        1,
        1,
        1,
        1,
        null,
        1,
        304,
        0,
        null,
        304,
        null,
        null,
        null,
        1,
        886,
        null,
        null,
        1,
        972,
        null,
        null,
        1,
        153,
        null,
        null,
        1,
        328,
        null,
        null,
        1,
        374,
        null,
        null,
        null,
        null,
        null,
        null,
        null,
        null,
        null,
        null,
        null,
        null,
        null,
        1,
        201,
        null,
        null,
        1,
        1,
        null,
        null,
        1,
        null,
        null,
        55,
        55,
        257,
        147,
        147,
        147,
        null,
        55,
        null,
        null,
        1,
        0,
        0,
        null,
        0,
        0,
        0,
        0,
        null,
        null,
        null,
        1,
        0,
        0,
        null,
        0,
        0,
        0,
        0,
        0,
        null,
        null,
        1,
        0,
        null,
        0,
        0,
        0,
        null,
        0,
        null,
        null,
        0,
        null,
        null,
        1,
        0,
        0,
        null,
        0,
        0,
        0,
        null,
        0,
        0,
        null,
        null,
        null,
        0,
        0,
        0,
        null,
        0,
        null,
        null,
        1,
        0,
        0,
        0,
        0,
        null,
        0,
        0,
        null,
        0,
        null,
        null,
        1,
        0,
        null,
        0,
        null,
        0,
        null,
        null,
        0,
        0,
        null,
        null,
        null,
        0,
        null,
        null,
        1,
        0,
        0,
        0,
        0,
        null,
        0,
        0,
        null,
        null,
        1,
        0,
        0,
        0,
        0,
        null,
        0,
        0,
        null,
        0,
        null,
        0,
        0,
        0,
        null,
        0,
        null,
        0,
        null,
        null,
        0,
        null,
        null,
        0,
        0,
        null,
        0,
        null,
        0,
        0,
        0,
        null,
        0,
        null,
        0,
        null,
        null,
        0,
        null,
        null,
        0,
        null,
        null,
        null,
        1,
        0,
        0,
        0,
        null,
        null,
        1,
        0,
        0,
        0,
        null,
        0,
        0,
        null,
        0,
        0,
        null,
        null,
        0,
        0,
        0,
        0,
        0,
        null,
        0,
        0,
        null,
        0,
        null,
        null,
        0,
        0,
        0,
        null,
        0,
        0,
        null,
        0,
        null,
        null,
        null,
        0,
        null,
        null,
        null,
        1,
        0,
        0,
        0,
        0,
        0,
        0,
        null,
        0,
        null,
        null,
        1,
        147,
        147,
        147,
        147,
        null,
        null,
        1,
        147,
        147,
        null,
        null,
        1,
        100,
        null,
        null,
        null,
        null,
        1,
        0,
        0,
        0,
        null,
        0,
        0,
        null,
        0,
        null,
        0,
        null,
        null,
        null,
        null,
        1,
        6,
        6,
        6,
        6,
        null,
        null,
        1,
        6,
        5,
        5,
        16,
        6,
        6,
        null,
        5,
        null,
        null,
        null,
        null,
        null,
        1,
        0,
        null,
        null,
        1,
        0,
        0,
        null,
        null,
        1,
        0,
        0,
        null,
        0,
        null,
        null,
        null,
        1,
        0,
        0,
        0,
        0,
        0,
        0,
        0,
        null,
        null,
        null,
        1,
        0,
        null,
        null,
        1,
        7,
        7,
        null,
        7,
        null,
        null,
        null,
        7,
        7,
        null,
        7,
        7,
        null,
        null,
        null,
        7,
        null,
        null,
        1,
        null,
        null,
        null
      ],
      "/Users/joezhou/after_11_pm/models/equation/factorise_quadratic_equation.rb": [
        1,
        1,
        0,
        null,
        0,
        0,
        null,
        0,
        null,
        0,
        0,
        0,
        null,
        0,
        0,
        null,
        0,
        null,
        null,
        0,
        null,
        0,
        0,
        null,
        0,
        0,
        null,
        0,
        null,
        null,
        1,
        0,
        0,
        0,
        null,
        0,
        0,
        0,
        null,
        0,
        0,
        0,
        null,
        0,
        null,
        null,
        1,
        0,
        0,
        0,
        0,
        0,
        0,
        0,
        0,
        0,
        0,
        null,
        null,
        0,
        0,
        null,
        null,
        1,
        0,
        0,
        0,
        0,
        0,
        0,
        0,
        0,
        0,
        null,
        0,
        null,
        null,
        0,
        0,
        0,
        null,
        0,
        null,
        null,
        1,
        0,
        0,
        0,
        0,
        0,
        0,
        null,
        0,
        null,
        null,
        null,
        1,
        0,
        0,
        0,
        0,
        0,
        0,
        0,
        0,
        null,
        0,
        null,
        0,
        null,
        null,
        null,
        1,
        0,
        null,
        null,
        null,
        1,
        0,
        null,
        null
      ],
      "/Users/joezhou/after_11_pm/models/expression.rb": [
        1,
        1,
        1,
        1,
        null,
        1,
        1,
        null,
        1,
        null,
        1,
        0,
        0,
        null,
        0,
        null,
        null,
        null,
        1,
        0,
        null,
        null,
        1,
        0,
        null,
        null,
        1,
        0,
        null,
        null,
        1,
        0,
        null,
        null
      ],
      "/Users/joezhou/after_11_pm/models/fraction.rb": [
        1,
        1,
        1,
        null,
        1,
        1,
        null,
        1,
        94,
        94,
        94,
        null,
        null,
        1,
        21,
        null,
        null,
        null,
        21,
        21,
        null,
        null,
        1,
        5,
        5,
        null,
        null,
        1,
        19,
        19,
        5,
        null,
        14,
        null,
        null,
        null,
        1,
        7,
        7,
        5,
        null,
        2,
        null,
        null,
        null,
        1,
        0,
        null,
        null,
        1,
        0,
        null,
        null,
        1,
        0,
        0,
        null,
        0,
        null,
        null,
        null,
        1,
        0,
        null,
        null,
        1,
        0,
        null,
        0,
        null,
        null,
        1,
        0,
        null,
        null,
        1,
        9,
        9,
        9,
        9,
        null,
        9,
        9,
        null,
        9,
        9,
        9,
        null,
        null,
        null,
        8,
        null,
        17,
        9,
        9,
        9,
        9,
        4,
        3,
        null,
        1,
        null,
        null,
        5,
        null,
        null,
        null,
        1,
        0,
        0,
        0,
        0,
        0,
        null,
        0,
        null,
        0,
        null,
        null,
        null,
        null,
        1,
        0,
        0,
        0,
        null,
        0,
        0,
        null,
        null,
        0,
        0,
        0,
        null,
        0,
        0,
        null,
        null,
        0,
        0,
        0,
        0,
        0,
        0,
        null,
        0,
        null,
        null,
        null,
        0,
        0,
        null,
        0,
        null,
        0,
        null,
        null,
        0,
        0,
        null,
        0,
        null,
        0,
        null,
        null,
        0,
        0,
        0,
        null,
        0,
        null,
        null,
        0,
        null,
        null,
        null,
        null,
        null,
        1,
        5,
        0,
        0,
        0,
        null,
        0,
        null,
        null,
        0,
        0,
        null,
        0,
        null,
        null,
        5,
        0,
        null,
        5,
        null,
        null,
        null,
        null,
        1,
        0,
        0,
        null,
        null,
        1,
        11,
        null,
        null,
        null,
        null,
        null,
        null,
        null,
        null,
        null,
        null,
        null,
        null,
        null,
        1,
        166,
        166,
        null,
        166,
        null,
        null,
        1,
        0,
        null,
        null,
        1,
        11,
        11,
        null,
        0,
        null,
        null,
        null,
        1,
        null,
        1,
        null,
        1,
        21,
        null,
        null
      ],
      "/Users/joezhou/after_11_pm/models/general_trig_solver.rb": [
        1,
        1,
        null,
        1,
        null,
        1,
        null,
        null,
        null,
        null
      ],
      "/Users/joezhou/after_11_pm/models/multiplication.rb": [
        1,
        1,
        1,
        1,
        1,
        null,
        1,
        1,
        null,
        1,
        null,
        1,
        2379,
        1709,
        null,
        670,
        null,
        null,
        null,
        1,
        611,
        null,
        null,
        1,
        47,
        30,
        null,
        null,
        1,
        41,
        41,
        85,
        38,
        null,
        47,
        null,
        null,
        41,
        null,
        null,
        1,
        1561,
        null,
        null,
        1,
        54,
        54,
        118,
        64,
        null,
        54,
        null,
        null,
        54,
        54,
        null,
        null,
        1,
        25,
        25,
        52,
        27,
        null,
        25,
        null,
        null,
        25,
        25,
        null,
        null,
        1,
        88,
        88,
        51,
        25,
        25,
        25,
        25,
        25,
        52,
        null,
        25,
        25,
        25,
        null,
        26,
        null,
        null,
        62,
        37,
        37,
        37,
        null,
        62,
        null,
        62,
        25,
        2,
        null,
        3,
        null,
        null,
        62,
        null,
        62,
        null,
        null,
        1,
        0,
        0,
        0,
        0,
        null,
        0,
        null,
        0,
        null,
        null,
        1,
        37,
        37,
        63,
        2,
        null,
        null,
        63,
        null,
        37,
        null,
        null,
        1,
        93,
        93,
        93,
        166,
        166,
        232,
        null,
        null,
        93,
        null,
        null,
        1,
        null,
        232,
        null,
        null,
        null,
        1,
        null,
        232,
        null,
        null,
        1,
        232,
        null,
        null,
        null,
        1,
        222,
        null,
        null,
        null,
        1,
        null,
        190,
        null,
        null,
        1,
        null,
        150,
        87,
        150,
        null,
        null,
        1,
        243,
        null,
        null,
        1,
        44,
        44,
        44,
        44,
        93,
        93,
        93,
        null,
        44,
        44,
        null,
        null,
        1,
        170,
        null,
        null,
        1,
        137,
        null,
        null,
        1,
        95,
        95,
        null,
        null,
        1,
        122,
        null,
        null,
        1,
        75,
        75,
        157,
        2,
        null,
        157,
        null,
        75,
        null,
        null,
        1,
        39,
        39,
        80,
        null,
        39,
        null,
        39,
        39,
        null,
        null,
        39,
        39,
        null,
        39,
        null,
        114,
        null,
        null,
        1,
        2,
        null,
        2,
        2,
        2,
        4,
        2,
        null,
        null,
        null,
        2,
        0,
        0,
        null,
        2,
        2,
        null,
        null,
        2,
        2,
        2,
        null,
        null,
        1,
        5,
        5,
        0,
        null,
        5,
        10,
        3,
        null,
        null,
        null,
        null,
        5,
        null,
        null,
        1,
        45,
        45,
        43,
        43,
        43,
        null,
        2,
        2,
        2,
        2,
        null,
        null,
        null,
        1,
        294,
        891,
        294,
        null,
        null,
        1,
        81,
        245,
        81,
        null,
        null,
        1,
        4,
        4,
        4,
        null,
        null,
        1,
        0,
        0,
        0,
        0,
        null,
        0,
        null,
        null,
        0,
        null,
        null,
        1,
        3,
        0,
        3,
        0,
        null,
        3,
        null,
        null,
        null,
        1,
        0,
        0,
        0,
        0,
        0,
        0,
        null,
        0,
        null,
        null,
        0,
        0,
        0,
        null,
        null,
        1,
        0,
        0,
        0,
        0,
        null,
        null,
        1,
        5,
        5,
        5,
        14,
        34,
        null,
        null,
        39,
        5,
        15,
        null,
        5,
        5,
        null,
        5,
        5,
        5,
        14,
        null,
        5,
        null,
        5,
        30,
        5,
        null,
        null,
        1,
        0,
        0,
        0,
        0,
        0,
        0,
        null,
        0,
        null,
        null,
        0,
        0,
        0,
        null,
        null,
        1,
        0,
        0,
        0,
        0,
        null,
        null,
        1,
        0,
        0,
        null,
        0,
        0,
        0,
        0,
        0,
        null,
        0,
        0,
        0,
        0,
        0,
        0,
        0,
        0,
        0,
        null,
        0,
        0,
        0,
        0,
        0,
        0,
        0,
        null,
        null,
        null,
        null,
        null,
        1,
        0,
        0,
        0,
        null,
        0,
        0,
        null,
        0,
        null,
        0,
        null,
        null,
        null,
        null,
        1,
        0,
        0,
        0,
        null,
        0,
        null,
        0,
        null,
        null,
        null,
        null,
        1,
        167,
        167,
        167,
        167,
        33,
        10,
        null,
        23,
        null,
        null,
        33,
        6,
        null,
        27,
        null,
        null,
        33,
        13,
        13,
        null,
        null,
        33,
        0,
        0,
        null,
        null,
        null,
        null,
        167,
        154,
        154,
        null,
        13,
        null,
        null,
        null,
        1,
        77,
        77,
        77,
        77,
        11,
        null,
        66,
        null,
        null,
        null,
        null,
        1,
        33,
        33,
        33,
        null,
        0,
        0,
        null,
        0,
        null,
        33,
        null,
        null,
        null,
        null,
        1,
        33,
        66,
        0,
        null,
        0,
        null,
        66,
        null,
        null,
        null,
        null,
        1,
        676,
        676,
        1330,
        1184,
        null,
        146,
        null,
        1330,
        182,
        null,
        1148,
        null,
        null,
        676,
        676,
        111,
        null,
        565,
        null,
        null,
        null,
        1,
        0,
        0,
        0,
        0,
        0,
        0,
        null,
        0,
        null,
        null,
        0,
        0,
        0,
        0,
        null,
        0,
        null,
        null,
        null,
        null,
        null,
        null,
        null,
        null,
        null,
        null,
        null,
        null,
        null,
        null,
        null,
        null,
        null,
        null,
        null,
        null,
        null,
        null,
        null,
        null,
        null,
        1,
        1,
        null,
        1,
        1,
        2,
        2,
        19,
        14,
        null,
        2,
        1,
        null,
        10,
        null,
        null,
        1,
        109,
        109,
        109,
        214,
        14,
        43,
        null,
        52,
        0,
        0,
        null,
        52,
        52,
        null,
        null,
        148,
        null,
        null,
        109,
        null,
        null,
        1,
        0,
        0,
        0,
        0,
        null,
        0,
        null,
        null,
        0,
        null,
        null,
        1,
        0,
        0,
        0,
        0,
        0,
        0,
        null,
        0,
        null,
        null,
        0,
        0,
        0,
        0,
        null,
        0,
        null,
        null,
        null,
        1,
        0,
        0,
        0,
        null,
        null,
        1,
        0,
        null,
        null,
        1,
        0,
        0,
        0,
        null,
        null,
        1,
        0,
        0,
        null,
        0,
        null,
        null,
        null,
        null
      ],
      "/Users/joezhou/after_11_pm/models/numerals.rb": [
        1,
        1,
        null,
        1,
        0,
        null,
        null,
        1,
        0,
        null,
        null,
        1,
        0,
        0,
        null,
        0,
        null,
        null,
        null,
        1,
        0,
        null,
        null,
        1,
        0,
        null,
        null,
        1,
        0,
        null,
        null,
        1,
        0,
        null,
        null
      ],
      "/Users/joezhou/after_11_pm/models/power.rb": [
        1,
        1,
        null,
        1,
        1,
        null,
        1,
        1374,
        596,
        null,
        778,
        null,
        null,
        null,
        1,
        362,
        null,
        null,
        1,
        2705,
        null,
        null,
        1,
        1,
        null,
        null,
        1,
        3473,
        null,
        null,
        1,
        3,
        null,
        null,
        1,
        538,
        525,
        null,
        13,
        null,
        538,
        435,
        null,
        103,
        null,
        538,
        null,
        null,
        1,
        3,
        null,
        null,
        1,
        446,
        446,
        2,
        null,
        446,
        446,
        74,
        null,
        null,
        null,
        null,
        446,
        null,
        null,
        1,
        0,
        0,
        null,
        null,
        1,
        0,
        null,
        0,
        0,
        0,
        0,
        0,
        null,
        null,
        null,
        null,
        1,
        0,
        0,
        null,
        0,
        null,
        null,
        null,
        1,
        5,
        5,
        5,
        null,
        0,
        null,
        null,
        5,
        null,
        null,
        1,
        2,
        2,
        0,
        0,
        null,
        0,
        null,
        null,
        null,
        1,
        0,
        0,
        0,
        null,
        0,
        0,
        0,
        0,
        0,
        null,
        0,
        null,
        null,
        0,
        null,
        null,
        null,
        1,
        0,
        0,
        0,
        null,
        0,
        null,
        null,
        null,
        1,
        0,
        0,
        0,
        null,
        null,
        1,
        null
      ],
      "/Users/joezhou/after_11_pm/models/quadratic_equation.rb": [
        1,
        null,
        1,
        null,
        1,
        null,
        1,
        0,
        0,
        0,
        0,
        null,
        null,
        1,
        0,
        null,
        null,
        null,
        null,
        null,
        null,
        null,
        null,
        null,
        null,
        null,
        null,
        null,
        null,
        null,
        null,
        null,
        null,
        null,
        null,
        1,
        0,
        null,
        null,
        1,
        0,
        null,
        null,
        null,
        null,
        null,
        1,
        0,
        0,
        0,
        0,
        null,
        0,
        0,
        null,
        null,
        1,
        0,
        0,
        0,
        0,
        0,
        0,
        0,
        0,
        null,
        0,
        0,
        0,
        0,
        0,
        0,
        null,
        0,
        null,
        null,
        0,
        null,
        0,
        null,
        null,
        null,
        1,
        0,
        0,
        0,
        0,
        null,
        0,
        null,
        null,
        1,
        0,
        null,
        null,
        1,
        0,
        null,
        null,
        null,
        null,
        null,
        null,
        null,
        1,
        0,
        0,
        0,
        null,
        0,
        null,
        null,
        0,
        0,
        null,
        null,
        0,
        0,
        null,
        0,
        null,
        0,
        0,
        null,
        0,
        null,
        0,
        null,
        null,
        1,
        0,
        0,
        0,
        0,
        null,
        0,
        null,
        0,
        null,
        null,
        1,
        0,
        null,
        null,
        1,
        null,
        0,
        null,
        0,
        0,
        0,
        null,
        null,
        null,
        null,
        0,
        null,
        null,
        null,
        0,
        null,
        null,
        null,
        0,
        0,
        null,
        null,
        null,
        null
      ],
      "/Users/joezhou/after_11_pm/models/simultaneous_equation.rb": [
        1,
        1,
        null,
        1,
        null,
        1,
        0,
        null,
        null,
        1,
        0,
        null,
        null,
        1,
        0,
        null,
        null,
        1,
        0,
        null,
        null,
        1,
        0,
        null,
        null,
        1,
        0,
        null,
        null,
        1,
        0,
        0,
        0,
        0,
        0,
        null,
        0,
        0,
        0,
        0,
        null,
        0,
        0,
        null,
        0,
        0,
        null,
        null,
        0,
        null,
        0,
        null,
        0,
        0,
        null,
        0,
        null,
        0,
        0,
        0,
        null,
        0,
        null,
        0,
        0,
        0,
        null,
        0,
        null,
        0,
        null,
        null,
        1,
        0,
        0,
        0,
        0,
        null,
        0,
        0,
        null,
        0,
        0,
        0,
        0,
        null,
        0,
        0,
        0,
        0,
        0,
        0,
        0,
        null,
        0,
        null,
        null,
        0,
        null,
        null,
        1,
        0,
        0,
        0,
        null,
        0,
        null,
        null,
        1,
        0,
        0,
        0,
        0,
        null,
        0,
        null,
        0,
        null,
        0,
        null,
        null,
        1,
        0,
        0,
        0,
        0,
        null,
        null,
        1,
        0,
        0,
        0,
        0,
        0,
        0,
        0,
        null,
        null,
        1,
        0,
        0,
        0,
        null,
        null,
        1,
        0,
        0,
        0,
        0,
        null,
        null,
        1,
        0,
        0,
        0,
        null,
        null,
        1,
        0,
        0,
        0,
        null,
        null,
        0,
        0,
        0,
        null,
        null,
        null,
        1,
        0,
        null,
        0,
        0,
        0,
        0,
        0,
        0,
        null,
        0,
        null,
        null,
        null,
        1,
        0,
        0,
        null,
        0,
        0,
        0,
        null,
        null,
        0,
        0,
        null,
        0,
        null,
        null,
        null,
        null,
        1,
        0,
        0,
        0,
        0,
        null,
        0,
        0,
        0,
        0,
        null,
        0,
        0,
        null,
        null,
        0,
        0,
        null,
        0,
        0,
        0,
        null,
        null,
        0,
        0,
        0,
        null,
        0,
        0,
        null,
        null,
        null,
        0,
        null,
        null,
        1,
        0,
        0,
        null,
        0,
        0,
        null,
        0,
        0,
        0,
        0,
        null,
        null,
        0,
        0,
        null,
        null,
        null,
        0,
        null,
        null,
        null,
        1,
        0,
        0,
        0,
        null,
        0,
        0,
        null,
        0,
        null,
        0,
        null,
        null,
        null,
        null,
        1,
        0,
        0,
        0,
        null,
        0,
        null,
        0,
        null,
        null,
        null,
        null
      ],
      "/Users/joezhou/after_11_pm/models/simutaneous_eqn_substitution.rb": [
        1,
        1,
        null,
        1,
        1,
        null,
        1,
        0,
        0,
        null,
        0,
        null,
        null,
        0,
        0,
        0,
        null,
        null,
        null,
        null,
        null,
        null,
        null,
        null,
        null,
        null,
        null,
        null,
        null,
        1,
        0,
        null,
        0,
        null,
        0,
        null,
        null,
        1,
        0,
        0,
        0,
        0,
        0,
        0,
        null,
        0,
        null,
        null,
        null,
        null,
        1,
        0,
        0,
        null,
        0,
        null,
        0,
        null,
        0,
        0,
        0,
        0,
        0,
        0,
        0,
        0,
        null,
        0,
        0,
        0,
        0,
        0,
        0,
        0,
        null,
        null,
        null,
        1,
        0,
        0,
        0,
        0,
        0,
        null,
        0,
        null,
        0,
        0,
        null,
        0,
        null,
        0,
        0,
        null,
        0,
        null,
        null,
        0,
        null,
        0,
        0,
        0,
        null,
        0,
        null,
        0,
        0,
        null,
        0,
        null,
        null,
        0,
        null,
        0,
        0,
        0,
        null,
        0,
        null,
        null,
        null,
        0,
        null,
        0,
        null,
        null,
        1,
        0,
        0,
        0,
        null,
        null,
        0,
        null,
        0,
        null,
        0,
        null,
        null,
        null
      ],
      "/Users/joezhou/after_11_pm/models/square_root.rb": [
        1,
        1,
        null,
        1,
        null,
        1,
        null,
        1,
        25,
        1,
        null,
        24,
        null,
        25,
        21,
        null,
        4,
        null,
        null,
        null,
        1,
        248,
        null,
        null,
        1,
        125,
        null,
        null,
        1,
        1,
        null,
        null,
        1,
        4,
        null,
        null,
        1,
        7,
        null,
        7,
        null,
        null,
        1,
        119,
        119,
        null,
        null,
        1,
        1,
        null,
        null,
        1,
        9,
        null,
        null,
        1,
        null,
        1,
        null,
        1,
        7,
        null,
        null
      ],
      "/Users/joezhou/after_11_pm/models/subtraction.rb": [
        1,
        1,
        1,
        null,
        1,
        1,
        null,
        1,
        733,
        194,
        null,
        539,
        null,
        null,
        null,
        1,
        112,
        224,
        135,
        null,
        89,
        null,
        null,
        112,
        null,
        null,
        1,
        143,
        null,
        null,
        1,
        376,
        null,
        null,
        1,
        1,
        null,
        null,
        1,
        1057,
        null,
        null,
        1,
        1,
        null,
        null,
        1,
        32,
        null,
        null,
        1,
        0,
        0,
        0,
        null,
        0,
        0,
        0,
        null,
        null,
        null,
        0,
        null,
        null,
        1,
        0,
        null,
        0,
        0,
        0,
        0,
        0,
        0,
        0,
        0,
        null,
        null,
        null,
        1,
        38,
        38,
        20,
        20,
        20,
        null,
        18,
        18,
        18,
        18,
        null,
        null,
        null,
        1,
        341,
        8,
        null,
        333,
        null,
        null,
        null,
        null,
        1,
        0,
        0,
        0,
        null,
        0,
        0,
        null,
        0,
        null,
        0,
        null,
        null,
        null,
        null,
        1,
        0,
        0,
        null,
        0,
        0,
        null,
        0,
        0,
        null,
        0,
        null,
        0,
        null,
        null,
        0,
        null,
        null,
        1,
        0,
        0,
        0,
        null,
        null,
        1,
        0,
        0,
        null,
        0,
        null,
        null,
        null,
        null,
        null,
        null,
        null,
        null,
        null,
        null,
        null,
        null,
        null,
        null,
        null,
        1,
        null
      ],
      "/Users/joezhou/after_11_pm/models/trigonometry/cosine_equation.rb": [
        1,
        null,
        1,
        1,
        null,
        1,
        14,
        14,
        14,
        null,
        null,
        1,
        0,
        null,
        null,
        null,
        null,
        null,
        null,
        null,
        null,
        null,
        null,
        null,
        null,
        null,
        1,
        2,
        null,
        null,
        1,
        8,
        8,
        8,
        null,
        null,
        8,
        8,
        8,
        null,
        8,
        null,
        null,
        null,
        null,
        8,
        null,
        null,
        1,
        16,
        14,
        14,
        2,
        null,
        12,
        24,
        10,
        null,
        null,
        24,
        2,
        null,
        null,
        null,
        14,
        null,
        null,
        1,
        8,
        8,
        8,
        8,
        8,
        8,
        null,
        8,
        16,
        null,
        16,
        4,
        null,
        12,
        12,
        42,
        null,
        42,
        42,
        null,
        null,
        null,
        16,
        null,
        null,
        8,
        null,
        null,
        1,
        46,
        null,
        null,
        1,
        2,
        2,
        2,
        null,
        2,
        6,
        4,
        4,
        4,
        32,
        32,
        4,
        4,
        null,
        28,
        null,
        32,
        null,
        4,
        null,
        null,
        2,
        6,
        2,
        2,
        2,
        2,
        null,
        null,
        1,
        1,
        1,
        null,
        null
      ],
      "/Users/joezhou/after_11_pm/models/trigonometry/functions/arc_cosine.rb": [
        1,
        1,
        null,
        1,
        1,
        null,
        1,
        38,
        8,
        null,
        30,
        null,
        null,
        null,
        1,
        58,
        null,
        null,
        1,
        0,
        null,
        null,
        1,
        9,
        null,
        null,
        1,
        4,
        4,
        4,
        null,
        0,
        null,
        null,
        4,
        null,
        null,
        1,
        20,
        6,
        null,
        0,
        null,
        14,
        null,
        null,
        20,
        20,
        null,
        null,
        1,
        4,
        4,
        null,
        null,
        1,
        null
      ],
      "/Users/joezhou/after_11_pm/models/trigonometry/functions/arc_sine.rb": [
        1,
        1,
        null,
        1,
        1,
        null,
        1,
        38,
        9,
        null,
        29,
        null,
        null,
        null,
        1,
        62,
        null,
        null,
        1,
        1,
        null,
        null,
        1,
        8,
        null,
        null,
        1,
        4,
        4,
        4,
        null,
        0,
        null,
        null,
        4,
        null,
        null,
        1,
        19,
        2,
        null,
        0,
        null,
        17,
        null,
        19,
        19,
        19,
        null,
        null,
        1,
        4,
        4,
        null,
        null,
        1,
        null
      ],
      "/Users/joezhou/after_11_pm/models/trigonometry/functions/arc_tangent.rb": [
        1,
        1,
        null,
        1,
        1,
        null,
        1,
        20,
        3,
        null,
        17,
        null,
        null,
        null,
        1,
        27,
        null,
        null,
        1,
        0,
        null,
        null,
        1,
        4,
        null,
        null,
        1,
        3,
        null,
        null,
        null,
        null,
        null,
        null,
        null,
        null,
        null,
        null,
        1,
        12,
        12,
        12,
        null,
        null,
        1,
        3,
        3,
        null,
        null,
        1,
        null
      ],
      "/Users/joezhou/after_11_pm/models/trigonometry/functions/cosine.rb": [
        1,
        1,
        null,
        1,
        1,
        null,
        1,
        123,
        68,
        null,
        55,
        null,
        null,
        null,
        1,
        39,
        null,
        null,
        1,
        1,
        null,
        null,
        1,
        40,
        null,
        null,
        1,
        30,
        30,
        13,
        null,
        17,
        null,
        null,
        30,
        null,
        null,
        1,
        2,
        2,
        null,
        null,
        1,
        17,
        17,
        17,
        17,
        null,
        null,
        1,
        0,
        0,
        null,
        null,
        1,
        0,
        null,
        null,
        1,
        0,
        0,
        null,
        0,
        null,
        null,
        null,
        1,
        0,
        null,
        null,
        1,
        0,
        0,
        0,
        null,
        null,
        1,
        0,
        0,
        null,
        null,
        1,
        0,
        null,
        null,
        1,
        0,
        0,
        null,
        0,
        null,
        null,
        null,
        1,
        7,
        7,
        7,
        null,
        7,
        null,
        null,
        1,
        null
      ],
      "/Users/joezhou/after_11_pm/models/trigonometry/functions/sine.rb": [
        1,
        1,
        null,
        1,
        1,
        null,
        1,
        171,
        104,
        null,
        67,
        null,
        null,
        null,
        1,
        73,
        null,
        null,
        1,
        1,
        null,
        null,
        1,
        59,
        null,
        null,
        1,
        48,
        48,
        24,
        null,
        24,
        null,
        null,
        48,
        null,
        null,
        1,
        2,
        2,
        null,
        null,
        1,
        16,
        16,
        16,
        16,
        null,
        null,
        1,
        0,
        0,
        null,
        null,
        1,
        0,
        null,
        null,
        1,
        0,
        0,
        null,
        0,
        null,
        null,
        null,
        1,
        0,
        null,
        null,
        1,
        0,
        0,
        0,
        null,
        null,
        1,
        0,
        0,
        null,
        null,
        1,
        0,
        null,
        null,
        1,
        0,
        0,
        null,
        0,
        null,
        null,
        null,
        1,
        12,
        12,
        10,
        null,
        12,
        null,
        null,
        1,
        null
      ],
      "/Users/joezhou/after_11_pm/models/trigonometry/functions/tangent.rb": [
        1,
        1,
        null,
        1,
        1,
        null,
        1,
        51,
        24,
        null,
        27,
        null,
        null,
        null,
        1,
        32,
        null,
        null,
        1,
        1,
        null,
        null,
        1,
        16,
        null,
        null,
        1,
        11,
        null,
        null,
        null,
        null,
        null,
        null,
        null,
        null,
        null,
        null,
        1,
        2,
        2,
        null,
        null,
        1,
        9,
        9,
        9,
        9,
        null,
        null,
        1,
        0,
        0,
        null,
        null,
        1,
        0,
        null,
        null,
        1,
        0,
        0,
        null,
        0,
        null,
        null,
        null,
        1,
        0,
        null,
        null,
        1,
        0,
        0,
        0,
        null,
        null,
        1,
        0,
        0,
        null,
        null,
        1,
        0,
        null,
        null,
        1,
        0,
        0,
        null,
        0,
        null,
        null,
        null,
        1,
        7,
        7,
        7,
        null,
        7,
        null,
        null,
        1,
        null
      ],
      "/Users/joezhou/after_11_pm/models/trigonometry/sine_equation.rb": [
        1,
        1,
        null,
        1,
        1,
        null,
        1,
        46,
        46,
        46,
        null,
        null,
        1,
        0,
        null,
        null,
        1,
        12,
        null,
        null,
        1,
        19,
        17,
        null,
        17,
        5,
        null,
        12,
        24,
        10,
        null,
        null,
        24,
        2,
        null,
        null,
        null,
        17,
        null,
        null,
        1,
        16,
        16,
        16,
        16,
        16,
        16,
        null,
        16,
        32,
        null,
        32,
        6,
        null,
        26,
        26,
        92,
        null,
        92,
        92,
        null,
        null,
        null,
        32,
        null,
        16,
        null,
        null,
        1,
        98,
        null,
        null,
        1,
        8,
        8,
        8,
        null,
        8,
        8,
        8,
        null,
        8,
        null,
        null,
        null,
        null,
        8,
        null,
        null,
        1,
        2,
        2,
        2,
        null,
        2,
        6,
        4,
        4,
        4,
        32,
        32,
        4,
        4,
        null,
        28,
        null,
        32,
        null,
        4,
        null,
        null,
        2,
        6,
        2,
        2,
        2,
        2,
        null,
        null,
        1,
        1,
        1,
        null,
        null
      ],
      "/Users/joezhou/after_11_pm/models/trigonometry/tangent_equation.rb": [
        1,
        null,
        1,
        1,
        null,
        1,
        14,
        14,
        14,
        null,
        null,
        1,
        0,
        null,
        null,
        1,
        2,
        null,
        null,
        1,
        8,
        8,
        8,
        null,
        8,
        null,
        null,
        null,
        8,
        null,
        null,
        1,
        8,
        7,
        7,
        0,
        null,
        7,
        14,
        6,
        null,
        null,
        14,
        1,
        null,
        null,
        null,
        7,
        null,
        null,
        1,
        8,
        8,
        8,
        8,
        8,
        8,
        null,
        8,
        1,
        null,
        7,
        7,
        38,
        null,
        38,
        38,
        null,
        null,
        null,
        8,
        null,
        null,
        1,
        38,
        null,
        null,
        1,
        3,
        3,
        3,
        null,
        3,
        6,
        3,
        3,
        3,
        21,
        21,
        3,
        3,
        null,
        18,
        null,
        21,
        null,
        3,
        null,
        null,
        3,
        6,
        3,
        3,
        3,
        3,
        null,
        null,
        1,
        1,
        1,
        null,
        null
      ],
      "/Users/joezhou/after_11_pm/models/variables.rb": [
        1,
        1,
        null,
        1,
        0,
        null,
        null,
        1,
        0,
        null,
        null,
        1,
        0,
        0,
        null,
        0,
        null,
        null,
        null,
        1,
        0,
        null,
        null,
        1,
        0,
        null,
        null,
        1,
        0,
        null,
        null,
        1,
        0,
        null,
        null
      ],
      "/Users/joezhou/after_11_pm/generators/cosine_equation_question.rb": [
        1,
        1,
        1,
        1,
        1,
        null,
        1,
        null,
        1,
        11,
        11,
        11,
        11,
        11,
        11,
        11,
        11,
        11,
        null,
        null,
        1,
        5,
        5,
        5,
        null,
        null,
        1,
        7,
        7,
        null,
        null,
        1,
        1,
        null,
        null,
        1,
        1,
        1,
        null,
        null,
        1,
        1,
        1,
        null,
        null,
        1,
        19,
        19,
        null,
        null,
        1,
        17,
        null,
        null,
        1,
        17,
        17,
        null,
        null,
        1,
        26,
        26,
        26,
        26,
        23,
        null,
        null,
        1,
        null,
        1,
        17,
        17,
        17,
        17,
        7,
        null,
        10,
        null,
        null,
        null,
        1,
        7,
        7,
        null,
        7,
        7,
        7,
        null,
        0,
        null,
        null,
        7,
        2,
        null,
        5,
        5,
        null,
        null,
        7,
        3,
        3,
        null,
        4,
        4,
        4,
        null,
        null,
        7,
        null,
        null,
        1,
        17,
        null,
        null,
        1,
        36,
        null,
        null,
        1,
        19,
        null,
        null,
        1,
        17,
        null,
        null,
        1,
        17,
        17,
        null,
        null,
        1,
        33,
        6,
        null,
        27,
        null,
        null,
        33,
        31,
        null,
        2,
        null,
        null,
        33,
        null,
        null
      ],
      "/Users/joezhou/after_11_pm/generators/sine_equation_generator.rb": [
        1,
        1,
        1,
        1,
        1,
        null,
        1,
        null,
        1,
        21,
        21,
        21,
        21,
        21,
        21,
        21,
        21,
        21,
        null,
        null,
        1,
        5,
        5,
        5,
        null,
        null,
        1,
        17,
        17,
        null,
        null,
        1,
        1,
        null,
        null,
        1,
        1,
        1,
        null,
        null,
        1,
        1,
        1,
        null,
        null,
        1,
        42,
        42,
        null,
        null,
        1,
        40,
        null,
        null,
        1,
        40,
        40,
        null,
        null,
        1,
        53,
        53,
        53,
        53,
        51,
        null,
        null,
        1,
        null,
        1,
        40,
        40,
        40,
        40,
        11,
        null,
        29,
        null,
        null,
        null,
        1,
        17,
        17,
        null,
        17,
        12,
        12,
        null,
        5,
        null,
        null,
        17,
        5,
        null,
        12,
        12,
        null,
        null,
        17,
        7,
        7,
        null,
        10,
        10,
        10,
        null,
        null,
        17,
        null,
        null,
        1,
        40,
        null,
        null,
        1,
        82,
        null,
        null,
        1,
        42,
        null,
        null,
        1,
        40,
        null,
        null,
        1,
        40,
        40,
        null,
        null,
        1,
        70,
        11,
        null,
        59,
        null,
        null,
        70,
        47,
        null,
        23,
        null,
        null,
        70,
        null,
        null
      ],
      "/Users/joezhou/after_11_pm/generators/tangent_equation_question.rb": [
        1,
        1,
        1,
        1,
        1,
        null,
        1,
        null,
        1,
        11,
        11,
        11,
        11,
        11,
        11,
        11,
        11,
        11,
        null,
        null,
        1,
        5,
        5,
        5,
        null,
        null,
        1,
        7,
        7,
        null,
        null,
        1,
        1,
        null,
        null,
        1,
        1,
        1,
        null,
        null,
        1,
        1,
        1,
        null,
        null,
        1,
        30,
        30,
        null,
        null,
        1,
        28,
        null,
        null,
        1,
        28,
        28,
        null,
        null,
        1,
        37,
        37,
        37,
        37,
        32,
        null,
        null,
        1,
        null,
        1,
        28,
        28,
        28,
        28,
        7,
        null,
        21,
        null,
        null,
        null,
        1,
        7,
        7,
        null,
        7,
        5,
        5,
        null,
        2,
        null,
        null,
        7,
        3,
        null,
        4,
        4,
        null,
        null,
        7,
        2,
        2,
        null,
        5,
        5,
        5,
        null,
        null,
        7,
        null,
        null,
        1,
        28,
        null,
        null,
        1,
        58,
        null,
        null,
        1,
        30,
        null,
        null,
        1,
        28,
        null,
        null,
        1,
        28,
        28,
        null,
        null,
        1,
        44,
        9,
        null,
        35,
        null,
        null,
        44,
        28,
        null,
        16,
        null,
        null,
        44,
        null,
        null
      ],
      "/Users/joezhou/after_11_pm/spec/equation/factorise_quadratic_equation_spec.rb": [
        1,
        null,
        1,
        1,
        0,
        0,
        null,
        0,
        null,
        null,
        null,
        0,
        0,
        0,
        null,
        null,
        null,
        1,
        1,
        0,
        0,
        null,
        0,
        0,
        0,
        0,
        0,
        0,
        null,
        null,
        null,
        null,
        1,
        1,
        0,
        0,
        null,
        null,
        null,
        null,
        null,
        null,
        null,
        1,
        1,
        null,
        0,
        0,
        null,
        0,
        null,
        null,
        null,
        null,
        null,
        null,
        null,
        null,
        1,
        1,
        0,
        0,
        0,
        null,
        null,
        1,
        0,
        0,
        0,
        null,
        null,
        1,
        0,
        0,
        null,
        null,
        1,
        0,
        0,
        null,
        null,
        1,
        0,
        0,
        null,
        null,
        1,
        0,
        0,
        null,
        null,
        1,
        0,
        0,
        null,
        null,
        null,
        1,
        0,
        0,
        null,
        null,
        null,
        1,
        1,
        0,
        0,
        null,
        null,
        1,
        0,
        0,
        null,
        null,
        1,
        0,
        0,
        null,
        null,
        null,
        null
      ],
      "/Users/joezhou/after_11_pm/spec/generators/cosine_equation_question_spec.rb": [
        1,
        1,
        1,
        1,
        1,
        1,
        1,
        1,
        null,
        null,
        1,
        1,
        1,
        1,
        1,
        1,
        null,
        null,
        null,
        1,
        1,
        1,
        1,
        1,
        1,
        1,
        1,
        null,
        null,
        1,
        1,
        1,
        1,
        1,
        1,
        null,
        null,
        null,
        1,
        1,
        1,
        1,
        1,
        1,
        null,
        null,
        1,
        1,
        1,
        1,
        1,
        null,
        null,
        null,
        1,
        1,
        1,
        1,
        null,
        null,
        1,
        1,
        1,
        1,
        null,
        null,
        null,
        1,
        1,
        1,
        1,
        null,
        null,
        null,
        1,
        1,
        1,
        1,
        1,
        null,
        null,
        null,
        1,
        1,
        1,
        1,
        null,
        1,
        null,
        null,
        null
      ],
      "/Users/joezhou/after_11_pm/spec/generators/sine_equation_generator_spec.rb": [
        1,
        1,
        1,
        1,
        1,
        1,
        1,
        1,
        null,
        null,
        1,
[...]
        null,
        1,
        1,
        1,
        1,
        null,
        null,
        null,
        1,
        1,
        1,
        1,
        1,
        1,
        null,
        null,
        1,
        1,
        1,
        1,
        1,
        null,
        null,
        1,
        1,
        1,
        1,
        1,
        null,
        null,
        1,
        1,
        1,
        1,
        1,
        null,
        null,
        1,
        1,
        1,
        1,
        null,
        null,
        null,
        1,
        1,
        1,
        1,
        null,
        null,
        null,
        1,
        1,
        1,
        1,
        null,
        1,
        null,
        null,
        null,
        null,
        null,
        1,
        1,
        1,
        null,
        1,
        null,
        null,
        null,
        null,
        null,
        1,
        1,
        1,
        null,
        1,
        null,
        null,
        null,
        null,
        null,
        1,
        1,
        1,
        null,
        1,
        null,
        null,
        null,
        null,
        null,
        1,
        1,
        1,
        1,
        null,
        null,
        null,
        null,
        null,
        null,
        1,
        1,
        1,
        1,
        1,
        null,
        null,
        1,
        1,
        1,
        1,
        null,
        null,
        null,
        1,
        1,
        1,
        1,
        null,
        1,
        null,
        null,
        null,
        null,
        null,
        null,
        null,
        1,
        1,
        1,
        null,
        null,
        1,
        null,
        null,
        null,
        null,
        null,
        null,
        null,
        null,
        1,
        1,
        1,
        1,
        null,
        null,
        null,
        null,
        null,
        null,
        null,
        null,
        null,
        null,
        null,
        null,
        null,
        null,
        null,
        null,
        null,
        null,
        null,
        null,
        null,
        null,
        null,
        null,
        null,
        null,
        null,
        null,
        null,
        null,
        null,
        null,
        null,
        null,
        null,
        null,
        null,
        null,
        null,
        null,
        null,
        null,
        null,
        null,
        null,
        null,
        null,
        null,
        null,
        null,
        null,
        null,
        null,
        null,
        null,
        null,
        null,
        null,
        null,
        null,
        null,
        null,
        null,
        null,
        null,
        null,
        null,
        null,
        null,
        null,
        null,
        null,
        null,
        null,
        null,
        null,
        null,
        null,
        null,
        null,
        null,
        null,
        null,
        null,
        null,
        null,
        null,
        null,
        null,
        null,
        null,
        null,
        null,
        null,
        null,
        null,
        null,
        null,
        null,
        null,
        null,
        null,
        null,
        null,
        null,
        null,
        null,
        null,
        null,
        null,
        null,
        null,
        null,
        null,
        null,
        null,
        null,
        null,
        null,
        null,
        null,
        null,
        null,
        null,
        null,
        null,
        null,
        null,
        null,
        null,
        null,
        null,
        null,
        null,
        null,
        null,
        null,
        null,
        null,
        null,
        null,
        null,
        null,
        null,
        null,
        null,
        null,
        null,
        null,
        null,
        null,
        null,
        null,
        null,
        null,
        null,
        null,
        null,
        null,
        null,
        null,
        null,
        null,
        null,
        null,
        null,
        null,
        null,
        null,
        null,
        null,
        null,
        null,
        null,
        null,
        null,
        null,
        null,
        null,
        null,
        null,
        null,
        null,
        null,
        null,
        null,
        null,
        null,
        null,
        null,
        null,
        null,
        null,
        null,
        null,
        null,
        1,
        1,
        1,
        1,
        null,
        1,
        null,
        null,
        null,
        null,
        null,
        null,
        null,
        null,
        null,
        null,
        null,
        null,
        null,
        null,
        null,
        null,
        null,
        null,
        null,
        null,
        null,
        null,
        null,
        null,
        null,
        null,
        null,
        null,
        null,
        null,
        null,
        null,
        null,
        null,
        null,
        null,
        null,
        null,
        null,
        null,
        null,
        null,
        null,
        null,
        null,
        null,
        null,
        null,
        null
      ],
      "/Users/joezhou/after_11_pm/spec/models/power_spec.rb": [
        1,
        1,
        1,
        1,
        1,
        1,
        1,
        1,
        null,
        null,
        null,
        1,
        1,
        1,
        1,
        1,
        1,
        null,
        null,
        null,
        1,
        1,
        1,
        1,
        1,
        1,
        null,
        null,
        null,
        1,
        1,
        1,
        1,
        1,
        null,
        null,
        null,
        1,
        1,
        1,
        1,
        null,
        null,
        null
      ],
      "/Users/joezhou/after_11_pm/spec/models/quadratic_equation_spec.rb": [
        1,
        null,
        null,
        null,
        null,
        null,
        null,
        null,
        null,
        null,
        null,
        1,
        1,
        0,
        0,
        0,
        null,
        null,
        null,
        1,
        1,
        0,
        0,
        0,
        null,
        null,
        null,
        1,
        1,
        0,
        0,
        0,
        null,
        null,
        null,
        1,
        1,
        0,
        0,
        0,
        null,
        null,
        null,
        null,
        null,
        null,
        null,
        null,
        1,
        1,
        0,
        0,
        null,
        0,
        null,
        null,
        null,
        null,
        null,
        null,
        1,
        0,
        0,
        null,
        0,
        null,
        null,
        null,
        null,
        null,
        null,
        null,
        null,
        null,
        null,
        null,
        null,
        null,
        null,
        null,
        null,
        null,
        null,
        null,
        null,
        null,
        1,
        1,
        0,
        0,
        0,
        null,
        null,
        null,
        1,
        0,
        0,
        null,
        0,
        null,
        null,
        null,
        1,
        0,
        0,
        0,
        null,
        null,
        1,
        0,
        0,
        0,
        null,
        null,
        null,
        null,
        null,
        null,
        1,
        0,
        0,
        0,
        null,
        null,
        null,
        null,
        null,
        null,
        1,
        0,
        0,
        0,
        null,
        null,
        1,
        0,
        0,
        0,
        null,
        null,
        null,
        null,
        null,
        null,
        1,
        0,
        0,
        null,
        null,
        null,
        null,
        null,
        null,
        null,
        null,
        null,
        null,
        null,
        null,
        null,
        null,
        null,
        null,
        null,
        null,
        null,
        null,
        null
      ],
      "/Users/joezhou/after_11_pm/spec/models/simultaneous_eqn_substitution_spec.rb": [
        1,
        null,
        1,
        1,
        0,
        null,
        0,
        0,
        0,
        null,
        null,
        null,
        null,
        1,
        1,
        0,
        null,
        0,
        null,
        0,
        null,
        null,
        null,
        1,
        1,
        0,
        null,
        0,
        null,
        null,
        null,
        null,
        null,
        1,
        1,
        0,
        0,
        null,
        0,
        null,
        null,
        null,
        null,
        null,
        1,
        1,
        0,
        0,
        0,
        null,
        null,
        1,
        0,
        0,
        0,
        null,
        null,
        null,
        null,
        null
      ],
      "/Users/joezhou/after_11_pm/spec/models/simultaneous_equation_spec.rb": [
        1,
        null,
        null,
        null,
        null,
        null,
        null,
        null,
        null,
        null,
        null,
        null,
        null,
        null,
        null,
        null,
        null,
        null,
        null,
        null,
        null,
        null,
        null,
        null,
        null,
        null,
        null,
        null,
        null,
        null,
        null,
        null,
        null,
        null,
        null,
        null,
        null,
        null,
        null,
        null,
        null,
        null,
        null,
        null,
        null,
        null,
        null,
        null,
        null,
        null,
        null,
        null,
        null,
        null,
        null,
        null,
        null,
        null,
        null,
        null,
        null,
        null,
        null,
        null,
        null,
        null,
        null,
        null,
        null,
        null,
        null,
        null,
        null,
        null,
        null,
        null,
        null,
        null,
        null,
        null,
        null,
        null,
        null,
        null,
        null,
        null,
        null,
        null,
        null,
        null,
        null,
        null,
        null,
        null,
        null,
        null,
        null,
        null,
        null,
        null,
        null,
        null,
        null,
        null,
        null,
        null,
        null,
        null,
        null,
        null,
        1,
        null,
        null,
        null,
        null,
        null,
        null,
        null,
        null,
        null,
        1,
        0,
        0,
        0,
        0,
        null,
        null,
        1,
        0,
        0,
        0,
        0,
        null,
        null,
        1,
        0,
        0,
        0,
        0,
        null,
        null,
        1,
        0,
        0,
        0,
        0,
        null,
        null,
        null,
        null
      ],
      "/Users/joezhou/after_11_pm/spec/models/square_root_spec.rb": [
        1,
        1,
        1,
        1,
        1,
        null,
        null,
        1,
        1,
        1,
        null,
        null,
        null,
        1,
        1,
        1,
        1,
        1,
        null,
        null,
        null,
        1,
        1,
        1,
        1,
        null,
        null,
        1,
        1,
        1,
        null,
        null,
        null
      ],
      "/Users/joezhou/after_11_pm/spec/models/subtraction_spec.rb": [
        1,
        1,
        1,
        1,
        1,
        1,
        null,
        null,
        1,
        1,
        1,
        1,
        null,
        null,
        null,
        1,
        1,
        1,
        1,
        1,
        null,
        null,
        1,
        1,
        1,
        1,
        null,
        null,
        null
      ],
      "/Users/joezhou/after_11_pm/spec/models/trigonometry/cosine_equation_spec.rb": [
        1,
        1,
        1,
        1,
        1,
        1,
        null,
        null,
        null,
        null,
        1,
        null,
        null,
        null,
        null,
        null,
        null,
        1,
        1,
        1,
        null,
        null,
        1,
        1,
        1,
        1,
        null,
        null,
        null,
        null,
        null,
        null,
        null,
        null,
        1,
        null,
        null,
        null,
        null,
        null,
        null,
        null,
        null,
        null,
        null,
        null,
        1,
        1,
        1,
        null,
        null,
        1,
        1,
        1,
        1,
        null,
        null,
        null,
        null,
        null,
        null,
        null,
        null,
        1,
        null,
        null,
        null,
        null,
        null,
        null,
        null,
        null,
        null,
        null,
        null,
        1,
        1,
        1,
        null,
        null,
        1,
        1,
        1,
        1,
        null,
        null,
        null,
        null,
        null,
        null,
        1,
        null,
        null,
        null,
        null,
        null,
        null,
        null,
        null,
        null,
        1,
        1,
        1,
        null,
        null,
        null
      ],
      "/Users/joezhou/after_11_pm/spec/models/trigonometry/functions/arc_cosine_spec.rb": [
        1,
        1,
        1,
        1,
        null,
        null,
        1,
        1,
        null,
        null,
        1,
        1,
        null,
        null,
        1,
        1,
        null,
        null,
        null
      ],
      "/Users/joezhou/after_11_pm/spec/models/trigonometry/functions/arc_sine_spec.rb": [
        1,
        1,
        1,
        1,
        1,
        null,
        null,
        1,
        1,
        1,
        null,
        null,
        null,
        1,
        1,
        1,
        1,
        1,
        null,
        null,
        null,
        1,
        1,
        1,
        null,
        null,
        1,
        1,
        null,
        null,
        1,
        1,
        null,
        null,
        null
      ],
      "/Users/joezhou/after_11_pm/spec/models/trigonometry/functions/arc_tangent_spec.rb": [
        1,
        1,
        1,
        1,
        null,
        null,
        1,
        1,
        null,
        null,
        1,
        1,
        null,
        null,
        1,
        1,
        null,
        null,
        null
      ],
      "/Users/joezhou/after_11_pm/spec/models/trigonometry/functions/cosine_spec.rb": [
        1,
        1,
        1,
        1,
        1,
        1,
        null,
        null,
        null,
        1,
        1,
        1,
        1,
        1,
        null,
        null,
        1,
        1,
        1,
        1,
        null,
        null,
        null,
        1,
        1,
        1,
        null,
        null,
        1,
        1,
        null,
        null,
        null,
        1,
        1,
        1,
        1,
        1,
        null,
        null,
        null
      ],
      "/Users/joezhou/after_11_pm/spec/models/trigonometry/functions/sine_spec.rb": [
        1,
        1,
        1,
        1,
        1,
        null,
        null,
        1,
        1,
        1,
        null,
        null,
        null,
        1,
        1,
        1,
        1,
        1,
        null,
        null,
        null,
        1,
        1,
        1,
        null,
        null,
        1,
        1,
        null,
        null,
        null,
        1,
        1,
        1,
        1,
        null,
        null,
        null
      ],
      "/Users/joezhou/after_11_pm/spec/models/trigonometry/functions/tangent_spec.rb": [
        1,
        1,
        1,
        1,
        1,
        1,
        null,
        null,
        null,
        1,
        1,
        1,
        1,
        1,
        null,
        null,
        1,
        1,
        1,
        1,
        null,
        null,
        null,
        1,
        1,
        1,
        null,
        null,
        1,
        1,
        null,
        null,
        null,
        1,
        1,
        1,
        1,
        1,
        null,
        null,
        null
      ],
      "/Users/joezhou/after_11_pm/spec/models/trigonometry/sine_equation_spec.rb": [
        1,
        1,
        1,
        1,
        1,
        1,
        1,
        1,
        null,
        null,
        null,
        1,
        1,
        1,
        1,
        1,
        null,
        null,
        null,
        null,
        1,
        null,
        null,
        null,
        null,
        null,
        null,
        1,
        1,
        1,
        null,
        null,
        1,
        1,
        1,
        1,
        null,
        null,
        null,
        null,
        null,
        null,
        null,
        null,
        1,
        null,
        null,
        null,
        null,
        null,
        null,
        null,
        null,
        null,
        null,
        null,
        1,
        1,
        1,
        null,
        null,
        1,
        1,
        1,
        1,
        null,
        null,
        null,
        null,
        null,
        null,
        null,
        null,
        1,
        null,
        null,
        null,
        null,
        null,
        null,
        null,
        null,
        null,
        null,
        null,
        1,
        1,
        1,
        null,
        null,
        1,
        1,
        1,
        1,
        null,
        null,
        null,
        null,
        null,
        null,
        1,
        null,
        null,
        null,
        null,
        null,
        null,
        null,
        null,
        null,
        1,
        1,
        1,
        null,
        null,
        null,
        1,
        1,
        1,
        1,
        null,
        null,
        1,
        1,
        1,
        null,
        null,
        1,
        1,
        1,
        null,
        null,
        null,
        1,
        1,
        1,
        1,
        null,
        null,
        1,
        1,
        null,
        null,
        1,
        1,
        1,
        null,
        null,
        1,
        1,
        null,
        null,
        1,
        1,
        1,
        null,
        null,
        1,
        1,
        null,
        null,
        1,
        1,
        1,
        null,
        null,
        1,
        1,
        null,
        null,
        1,
        1,
        1,
        null,
        null,
        1,
        1,
        null,
        null,
        1,
        1,
        1,
        null,
        null,
        1,
        1,
        null,
        null,
        1,
        1,
        1,
        null,
        null,
        1,
        1,
        null,
        null,
        1,
        1,
        1,
        null,
        null,
        1,
        1,
        null,
        null,
        null,
        null
      ],
      "/Users/joezhou/after_11_pm/spec/models/trigonometry/tangent_equation_spec.rb": [
        1,
        1,
        1,
        1,
        1,
        1,
        null,
        null,
        null,
        null,
        null,
        1,
        1,
        null,
        null,
        1,
        1,
        1,
        1,
        null,
        null,
        null,
        null,
        null,
        null,
        null,
        null,
        null,
        1,
        1,
        null,
        null,
        1,
        1,
        1,
        1,
        null,
        null,
        null,
        null,
        null,
        null,
        null,
        null,
        null,
        1,
        1,
        null,
        null,
        null
      ]
    },
    "timestamp": 1489572831
  }
}
